           __  ___
|  |  /\  |__)  |
\__/ /--\ |  \  |

____ ____ ____ ___ _ _ _ ____ ____ ____    _ _  _ ___ ____ ____ ____ _  _ ___  ___ _ ____ _  _
|__  |  | |___  |  | | | |__| |__/ |___    | |\ |  |  |___ |__/ |__/ |  | |__]  |  | |  | |\ |
___| |__| |     |  |_|_| |  | |  \ |___    | | \|  |  |___ |  \ |  \ |__| |     |  | |__| | \|

------
|(  )|  _______ _____ _______ _______  ______
| )( |     |      |   |  |  | |______ |_____/
|(  )|     |    __|__ |  |  | |______ |    \_
------


                                             .
                                             \`-_
                                              \  \ 
                                               \  \ 
                                      __--_    |   \ 
                               __----'     ``_ |    \ 
                                 `-_          `|    |
                                    `_               `----_
                                      \                    `\ 
                                       \                     \______----__
                                 .------     ._________.        ---------_`___
                                /___        /           \         __------`
                                    `-.    / _\_   _/_   \_.    --------__
                                   ____>- | / 0 /_/ 0 \   @)    ______----`
                                    `---._\ `--'/ `---'   /   ___----'
                                          `\   /_        /`-.---
                                            `.  ___    .'   \_
                                              `.____.-'     | --.,-------._
                                            ____/--   ./       .-'    .-----.
                                    .----- /`___\` _./.------.'/    /'       `-
                                _.-(      |\    `/- _____..-' /    /      _.---`.
                               /   |     /. `-------       ' /    /     .'  -.   \ 
                              (    /    (  .           _ ' /'    /    ./      \   \ 
                              (`. |     `\   - - - - -   /'      |   /         .   |
                               \.\|       \            /'        \  |`.           /
                               /./\       `\         /'           `-\         _  /\ 
                              /`   |        `\     /'                `.___..-      \ 
                             | |    \         `\_/'                  //      \      |
                             | |     |                              / |       |     |


     ___      ___ --   __      ___  __  ___  ___    _/_    __          ___  __   __        __   ___    __   __ 
    |__  |\ |  |  /\  /  \    |__  /__`  |  |__    |___   /  \   \  / |__  |__) |  \  /\  |  \ |__  | |__) /  \ 
    |___ | \|  | /--\ \__/    |___ .__/  |  |___   |___   \__/    \/  |___ |  \ |__/ /--\ |__/ |___ | |  \ \__/ 

     __   __   __   ___  __      __   __      ___       __          __      __        __   ___  __     __   __
    |__) /  \ |  \ |__  |__)    |  \ /  \    |__  |\ | /__` | |\ | /  \    /__` |  | |__) |__  |__) | /  \ |__)
    |    \__/ |__/ |___ |  \    |__/ \__/    |___ | \| .__/ | | \| \__/    .__/ \__/ |    |___ |  \ | \__/ |  \ 


